2026-03-26 00:40:54 [INFO] backtest_bot.bot - Bot 正在启动...
2026-03-26 00:40:54 [INFO] backtest_bot.bot - Bot 已启动，开始轮询消息
2026-03-26 00:40:55 [INFO] backtest_bot.notifier - 发送成功 (122 chars): 🤖 回测 Bot 已启动  快速开始: • /analyze → 单因子扫参引导 • /run → 用当前配置快速回测 ...
2026-03-26 00:41:24 [INFO] backtest_bot.notifier - 收到消息: /analyze
2026-03-26 00:41:24 [INFO] backtest_bot.notifier - 匹配命令: /analyze
2026-03-26 00:41:24 [INFO] backtest_bot.notifier - 命令返回 354 字符
2026-03-26 00:41:25 [INFO] backtest_bot.notifier - 发送成功 (354 chars): 📊 单因子扫参测试  请选择要扫描的参数:   1. 买入价 (当前: 0.25)   2. 卖出价 (当前: 0.26...
2026-03-26 00:41:59 [INFO] backtest_bot.notifier - 收到消息: 14
2026-03-26 00:41:59 [INFO] backtest_bot.notifier - 交由 pending_reply 处理: functools.partial(<function handle_analyze_reply at 0x77bcb281d940>, <backtest_bot.bot.BacktestTelegramBot object at 0x77bcb2c417f0>)
2026-03-26 00:41:59 [INFO] backtest_bot.notifier - pending_reply 返回 62 字符
2026-03-26 00:42:00 [INFO] backtest_bot.notifier - 发送成功 (62 chars): 已选择: 时间止损窗口 (当前基准值: 30)  请输入要测试的值列表（逗号分隔）: 例如: 40,50,60,80,1...
2026-03-26 00:42:17 [INFO] backtest_bot.notifier - 收到消息: 10,15,50,100
2026-03-26 00:42:17 [INFO] backtest_bot.notifier - 交由 pending_reply 处理: functools.partial(<function handle_analyze_reply at 0x77bcb281d940>, <backtest_bot.bot.BacktestTelegramBot object at 0x77bcb2c417f0>)
2026-03-26 00:42:17 [INFO] backtest_bot.notifier - pending_reply 返回 84 字符
2026-03-26 00:42:19 [INFO] backtest_bot.notifier - 发送成功 (84 chars): 测试值: [10, 15, 50, 100]  请设置数据范围（使用最新的 N 个 CSV）: 当前可用文件: 1743...
2026-03-26 00:42:24 [INFO] backtest_bot.notifier - 收到消息: 100
2026-03-26 00:42:24 [INFO] backtest_bot.notifier - 交由 pending_reply 处理: functools.partial(<function handle_analyze_reply at 0x77bcb281d940>, <backtest_bot.bot.BacktestTelegramBot object at 0x77bcb2c417f0>)
2026-03-26 00:42:24 [INFO] backtest_bot.notifier - pending_reply 返回 468 字符
2026-03-26 00:42:25 [INFO] backtest_bot.notifier - 发送成功 (468 chars): 📋 扫参配置确认  🎯 参数: 时间止损窗口 📏 测试值: [10, 15, 50, 100] 📁 数据: 最新 100...
2026-03-26 00:42:38 [INFO] backtest_bot.notifier - 收到消息: 关 BTC撤单
2026-03-26 00:42:38 [INFO] backtest_bot.notifier - 交由 pending_reply 处理: functools.partial(<function handle_analyze_reply at 0x77bcb281d940>, <backtest_bot.bot.BacktestTelegramBot object at 0x77bcb2c417f0>)
2026-03-26 00:42:38 [INFO] backtest_bot.notifier - pending_reply 返回 480 字符
2026-03-26 00:42:39 [INFO] backtest_bot.notifier - 发送成功 (480 chars): BTC撤单 已设为关  📋 扫参配置确认  🎯 参数: 时间止损窗口 📏 测试值: [10, 15, 50, 100] ...
2026-03-26 00:42:41 [INFO] backtest_bot.notifier - 收到消息: 跑
2026-03-26 00:42:41 [INFO] backtest_bot.notifier - 交由 pending_reply 处理: functools.partial(<function handle_analyze_reply at 0x77bcb281d940>, <backtest_bot.bot.BacktestTelegramBot object at 0x77bcb2c417f0>)
2026-03-26 00:42:41 [INFO] backtest_bot.notifier - pending_reply 返回 77 字符
2026-03-26 00:42:41 [INFO] backtest_bot.runner - 启动扫参 R 命令: Rscript /mnt/c/Users/ZHAOKAI/Poly_backtest_Final/scripts/run_param_sweep.R --config /mnt/c/Users/ZHAOKAI/Poly_backtest_Final/results/telegram_jobs/20260326_004241/strategy.yaml --data-dir /mnt/c/Users/ZHAOKAI/Poly_backtest_Final/data/raw --param time_stop_after_entry --values 10,15,50,100 --summary-out /mnt/c/Users/ZHAOKAI/Poly_backtest_Final/results/telegram_jobs/20260326_004241/sweep_summary.csv --reports-dir /mnt/c/Users/ZHAOKAI/Poly_backtest_Final/results/telegram_jobs/20260326_004241/reports --cores 1 --max 100 --latest
2026-03-26 00:42:42 [INFO] backtest_bot.notifier - 发送成功 (77 chars): 🚀 扫参已启动 🎯 参数: 时间止损窗口 📏 测试值: [10, 15, 50, 100] 📁 数据: 最新 100 个...
2026-03-26 00:42:43 [INFO] backtest_bot.notifier - 发送成功 (66 chars): 🔄 开始单进程扫参: 时间止损窗口 = [10, 15, 50, 100]    会先预加载一次数据，再复用同一批数据完...
2026-03-26 00:42:44 [INFO] backtest_bot.notifier - 发送成功 (37 chars): 任务规模: 参数 time_stop_after_entry 扫 4 个值...
2026-03-26 00:42:45 [INFO] backtest_bot.notifier - 发送成功 (24 chars): 预加载开始: 100 个轮次 (缓存: FST)...
2026-03-26 00:42:48 [INFO] backtest_bot.notifier - 发送成功 (42 chars): ⏳ 组合回测中... 已运行 0分6秒 | 进度: 100 / 100 (100%)...
2026-03-26 00:43:27 [INFO] backtest_bot.notifier - 收到消息: /status
2026-03-26 00:43:27 [INFO] backtest_bot.notifier - 匹配命令: /status
2026-03-26 00:43:27 [INFO] backtest_bot.notifier - 命令返回 222 字符
2026-03-26 00:43:28 [INFO] backtest_bot.notifier - 发送成功 (222 chars): 任务: 20260326_004241 状态: running 开始: 2026-03-26 00:42:41 样本数:...
2026-03-26 00:44:29 [INFO] backtest_bot.notifier - 发送成功 (103 chars): 结果已保存到 /mnt/c/Users/ZHAOKAI/Poly_backtest_Final/results/tele...
2026-03-26 00:44:32 [INFO] backtest_bot.leaderboard - Leaderboard: 记录已写入 (PnL=-164.0000, source=sweep), 总计 29 条
2026-03-26 00:44:32 [INFO] backtest_bot.leaderboard - Leaderboard: 记录已写入 (PnL=-168.0000, source=sweep), 总计 30 条
2026-03-26 00:44:32 [INFO] backtest_bot.leaderboard - Leaderboard: 记录已写入 (PnL=-86.0000, source=sweep), 总计 31 条
2026-03-26 00:44:32 [INFO] backtest_bot.leaderboard - Leaderboard: 记录已写入 (PnL=-118.0000, source=sweep), 总计 32 条
2026-03-26 00:44:32 [INFO] backtest_bot.notifier - 发送成功 (54 chars): ✅ [1/4] 时间止损窗口=10    交易:100 | 胜率:47.0% | PnL:-164.0000...
2026-03-26 00:44:33 [INFO] backtest_bot.notifier - 发送成功 (54 chars): ✅ [2/4] 时间止损窗口=15    交易:100 | 胜率:58.0% | PnL:-168.0000...
2026-03-26 00:44:34 [INFO] backtest_bot.notifier - 发送成功 (53 chars): ✅ [3/4] 时间止损窗口=50    交易:100 | 胜率:70.0% | PnL:-86.0000...
2026-03-26 00:44:35 [INFO] backtest_bot.notifier - 发送成功 (55 chars): ✅ [4/4] 时间止损窗口=100    交易:100 | 胜率:72.0% | PnL:-118.0000...
2026-03-26 00:44:36 [INFO] backtest_bot.notifier - 发送成功 (333 chars): 📊 单因子扫参报告 基准: config/strategy.yaml 参数: 时间止损窗口 数据: 最新 100 个 ─...
2026-03-26 00:44:40 [INFO] backtest_bot.notifier - 照片发送成功: sweep_comparison.png
2026-03-26 00:54:37 [INFO] backtest_bot.notifier - 收到消息: /run
2026-03-26 00:54:37 [INFO] backtest_bot.notifier - 匹配命令: /run
2026-03-26 00:54:38 [INFO] backtest_bot.notifier - 命令返回 459 字符
2026-03-26 00:54:38 [INFO] backtest_bot.notifier - 发送成功 (459 chars): 🔧 回测配置确认  🧱 策略: config/strategy.yaml 📁 数据: 最新 300 个 (可用: 174...
2026-03-26 00:54:59 [INFO] backtest_bot.notifier - 收到消息: 开 买入窗口限制
2026-03-26 00:54:59 [INFO] backtest_bot.notifier - 交由 pending_reply 处理: functools.partial(<function handle_run_reply at 0x77bcb281ce00>, <backtest_bot.bot.BacktestTelegramBot object at 0x77bcb2c417f0>)
2026-03-26 00:54:59 [INFO] backtest_bot.notifier - pending_reply 返回 472 字符
2026-03-26 00:55:00 [INFO] backtest_bot.notifier - 发送成功 (472 chars): 买入窗口限制 已设为开  🔧 回测配置确认  🧱 策略: config/strategy.yaml 📁 数据: 最新 3...
2026-03-26 00:55:18 [INFO] backtest_bot.notifier - 收到消息: 关 宵禁
2026-03-26 00:55:18 [INFO] backtest_bot.notifier - 交由 pending_reply 处理: functools.partial(<function handle_run_reply at 0x77bcb281ce00>, <backtest_bot.bot.BacktestTelegramBot object at 0x77bcb2c417f0>)
2026-03-26 00:55:18 [INFO] backtest_bot.notifier - pending_reply 返回 468 字符
2026-03-26 00:55:19 [INFO] backtest_bot.notifier - 发送成功 (468 chars): 宵禁 已设为关  🔧 回测配置确认  🧱 策略: config/strategy.yaml 📁 数据: 最新 300 个...
2026-03-26 00:55:35 [INFO] backtest_bot.notifier - 收到消息: 样本 1000
2026-03-26 00:55:35 [INFO] backtest_bot.notifier - 交由 pending_reply 处理: functools.partial(<function handle_run_reply at 0x77bcb281ce00>, <backtest_bot.bot.BacktestTelegramBot object at 0x77bcb2c417f0>)
2026-03-26 00:55:35 [INFO] backtest_bot.notifier - pending_reply 返回 475 字符
2026-03-26 00:55:36 [INFO] backtest_bot.notifier - 发送成功 (475 chars): 样本数已设置为 1000。  🔧 回测配置确认  🧱 策略: config/strategy.yaml 📁 数据: 最新...
2026-03-26 00:55:38 [INFO] backtest_bot.notifier - 收到消息: 跑
2026-03-26 00:55:38 [INFO] backtest_bot.notifier - 交由 pending_reply 处理: functools.partial(<function handle_run_reply at 0x77bcb281ce00>, <backtest_bot.bot.BacktestTelegramBot object at 0x77bcb2c417f0>)
2026-03-26 00:55:38 [INFO] backtest_bot.runner - 启动 R 命令: Rscript /mnt/c/Users/ZHAOKAI/Poly_backtest_Final/scripts/run_backtest.R --config /mnt/c/Users/ZHAOKAI/Poly_backtest_Final/results/telegram_jobs/20260326_005538/strategy.yaml --data-dir /mnt/c/Users/ZHAOKAI/Poly_backtest_Final/data/raw --results /mnt/c/Users/ZHAOKAI/Poly_backtest_Final/results/telegram_jobs/20260326_005538/backtest_results.csv --reports-dir /mnt/c/Users/ZHAOKAI/Poly_backtest_Final/results/telegram_jobs/20260326_005538/reports --cores 1 --max 1000 --latest
2026-03-26 00:55:38 [INFO] backtest_bot.notifier - pending_reply 返回 101 字符
2026-03-26 00:55:39 [INFO] backtest_bot.notifier - 发送成功 (101 chars): 🚀 已启动回测: 20260326_005538 📁 样本: 最新 1000 个 🧱 策略: config/strate...
2026-03-26 00:55:40 [INFO] backtest_bot.notifier - 发送成功 (25 chars): 预加载开始: 1000 个轮次 (缓存: FST)...
2026-03-26 00:55:49 [INFO] backtest_bot.notifier - 发送成功 (43 chars): ⏳ 组合回测中... 已运行 0分10秒 | 进度: 100 / 1000 (10%)...
2026-03-26 00:56:32 [INFO] backtest_bot.notifier - 发送成功 (43 chars): ⏳ 组合回测中... 已运行 0分52秒 | 进度: 700 / 1000 (70%)...
2026-03-26 00:56:44 [INFO] backtest_bot.notifier - 发送成功 (14 chars): 回测开始: 1000 个轮次...
2026-03-26 00:57:32 [INFO] backtest_bot.notifier - 发送成功 (43 chars): ⏳ 组合回测中... 已运行 1分52秒 | 进度: 300 / 1000 (30%)...
2026-03-26 00:57:34 [INFO] backtest_bot.notifier - 收到消息: /status
2026-03-26 00:57:34 [INFO] backtest_bot.notifier - 匹配命令: /status
2026-03-26 00:57:34 [INFO] backtest_bot.notifier - 命令返回 172 字符
2026-03-26 00:57:35 [INFO] backtest_bot.notifier - 发送成功 (172 chars): 任务: 20260326_005538 状态: running 开始: 2026-03-26 00:55:38 样本数:...
2026-03-26 00:58:18 [INFO] backtest_bot.notifier - 发送成功 (43 chars): ⏳ 组合回测中... 已运行 2分38秒 | 进度: 600 / 1000 (60%)...
2026-03-26 00:59:17 [INFO] backtest_bot.notifier - 发送成功 (43 chars): ⏳ 组合回测中... 已运行 3分37秒 | 进度: 900 / 1000 (90%)...
2026-03-26 00:59:39 [INFO] backtest_bot.notifier - 发送成功 (32 chars): 回测完成: 511 笔交易, 总 PnL = 1537.0000...
2026-03-26 00:59:42 [INFO] backtest_bot.leaderboard - Leaderboard: 记录已写入 (PnL=1537.0000, source=run), 总计 33 条
2026-03-26 00:59:42 [INFO] backtest_bot.notifier - 发送成功 (106 chars): 结果已保存到 /mnt/c/Users/ZHAOKAI/Poly_backtest_Final/results/tele...
2026-03-26 00:59:43 [INFO] backtest_bot.notifier - 发送成功 (318 chars): 回测完成: 20260326_005538 轮次总数: 1000 交易笔数: 511 总PnL: 1537.0000 胜...
2026-03-26 00:59:47 [INFO] backtest_bot.notifier - 媒体组发送成功: 5 张图
bot.notifier - 发送成功 (55 chars): ✅ [4/4] 时间止损窗口=100    交易:100 | 胜率:72.0% | PnL:-118.0000...
2026-03-26 00:44:35 [DEBUG] backtest_bot.notifier - 准备发送: 📊 单因子扫参报告 基准: config/strategy.yaml 参数: 时间止损窗口 数据: 最新 100 个 ─...
2026-03-26 00:44:36 [INFO] backtest_bot.notifier - 发送成功 (333 chars): 📊 单因子扫参报告 基准: config/strategy.yaml 参数: 时间止损窗口 数据: 最新 100 个 ─...
2026-03-26 00:44:40 [INFO] backtest_bot.notifier - 照片发送成功: sweep_comparison.png
2026-03-26 00:54:37 [INFO] backtest_bot.notifier - 收到消息: /run
2026-03-26 00:54:37 [INFO] backtest_bot.notifier - 匹配命令: /run
2026-03-26 00:54:37 [DEBUG] backtest_bot.notifier - pending_reply 设置为: functools.partial(<function handle_run_reply at 0x77bcb281ce00>, <backtest_bot.bot.BacktestTelegramBot object at 0x77bcb2c417f0>)
2026-03-26 00:54:38 [INFO] backtest_bot.notifier - 命令返回 459 字符
2026-03-26 00:54:38 [DEBUG] backtest_bot.notifier - 准备发送: 🔧 回测配置确认  🧱 策略: config/strategy.yaml 📁 数据: 最新 300 个 (可用: 174...
2026-03-26 00:54:38 [INFO] backtest_bot.notifier - 发送成功 (459 chars): 🔧 回测配置确认  🧱 策略: config/strategy.yaml 📁 数据: 最新 300 个 (可用: 174...
2026-03-26 00:54:59 [INFO] backtest_bot.notifier - 收到消息: 开 买入窗口限制
2026-03-26 00:54:59 [INFO] backtest_bot.notifier - 交由 pending_reply 处理: functools.partial(<function handle_run_reply at 0x77bcb281ce00>, <backtest_bot.bot.BacktestTelegramBot object at 0x77bcb2c417f0>)
2026-03-26 00:54:59 [DEBUG] backtest_bot.notifier - pending_reply 设置为: functools.partial(<function handle_run_reply at 0x77bcb281ce00>, <backtest_bot.bot.BacktestTelegramBot object at 0x77bcb2c417f0>)
2026-03-26 00:54:59 [INFO] backtest_bot.notifier - pending_reply 返回 472 字符
2026-03-26 00:54:59 [DEBUG] backtest_bot.notifier - 准备发送: 买入窗口限制 已设为开  🔧 回测配置确认  🧱 策略: config/strategy.yaml 📁 数据: 最新 3...
2026-03-26 00:55:00 [INFO] backtest_bot.notifier - 发送成功 (472 chars): 买入窗口限制 已设为开  🔧 回测配置确认  🧱 策略: config/strategy.yaml 📁 数据: 最新 3...
2026-03-26 00:55:18 [INFO] backtest_bot.notifier - 收到消息: 关 宵禁
2026-03-26 00:55:18 [INFO] backtest_bot.notifier - 交由 pending_reply 处理: functools.partial(<function handle_run_reply at 0x77bcb281ce00>, <backtest_bot.bot.BacktestTelegramBot object at 0x77bcb2c417f0>)
2026-03-26 00:55:18 [DEBUG] backtest_bot.notifier - pending_reply 设置为: functools.partial(<function handle_run_reply at 0x77bcb281ce00>, <backtest_bot.bot.BacktestTelegramBot object at 0x77bcb2c417f0>)
2026-03-26 00:55:18 [INFO] backtest_bot.notifier - pending_reply 返回 468 字符
2026-03-26 00:55:18 [DEBUG] backtest_bot.notifier - 准备发送: 宵禁 已设为关  🔧 回测配置确认  🧱 策略: config/strategy.yaml 📁 数据: 最新 300 个...
2026-03-26 00:55:19 [INFO] backtest_bot.notifier - 发送成功 (468 chars): 宵禁 已设为关  🔧 回测配置确认  🧱 策略: config/strategy.yaml 📁 数据: 最新 300 个...
2026-03-26 00:55:35 [INFO] backtest_bot.notifier - 收到消息: 样本 1000
2026-03-26 00:55:35 [INFO] backtest_bot.notifier - 交由 pending_reply 处理: functools.partial(<function handle_run_reply at 0x77bcb281ce00>, <backtest_bot.bot.BacktestTelegramBot object at 0x77bcb2c417f0>)
2026-03-26 00:55:35 [DEBUG] backtest_bot.notifier - pending_reply 设置为: functools.partial(<function handle_run_reply at 0x77bcb281ce00>, <backtest_bot.bot.BacktestTelegramBot object at 0x77bcb2c417f0>)
2026-03-26 00:55:35 [INFO] backtest_bot.notifier - pending_reply 返回 475 字符
2026-03-26 00:55:35 [DEBUG] backtest_bot.notifier - 准备发送: 样本数已设置为 1000。  🔧 回测配置确认  🧱 策略: config/strategy.yaml 📁 数据: 最新...
2026-03-26 00:55:36 [INFO] backtest_bot.notifier - 发送成功 (475 chars): 样本数已设置为 1000。  🔧 回测配置确认  🧱 策略: config/strategy.yaml 📁 数据: 最新...
2026-03-26 00:55:38 [INFO] backtest_bot.notifier - 收到消息: 跑
2026-03-26 00:55:38 [INFO] backtest_bot.notifier - 交由 pending_reply 处理: functools.partial(<function handle_run_reply at 0x77bcb281ce00>, <backtest_bot.bot.BacktestTelegramBot object at 0x77bcb2c417f0>)
2026-03-26 00:55:38 [DEBUG] backtest_bot.notifier - pending_reply 清除 (was functools.partial(<function handle_run_reply at 0x77bcb281ce00>, <backtest_bot.bot.BacktestTelegramBot object at 0x77bcb2c417f0>))
2026-03-26 00:55:38 [INFO] backtest_bot.runner - 启动 R 命令: Rscript /mnt/c/Users/ZHAOKAI/Poly_backtest_Final/scripts/run_backtest.R --config /mnt/c/Users/ZHAOKAI/Poly_backtest_Final/results/telegram_jobs/20260326_005538/strategy.yaml --data-dir /mnt/c/Users/ZHAOKAI/Poly_backtest_Final/data/raw --results /mnt/c/Users/ZHAOKAI/Poly_backtest_Final/results/telegram_jobs/20260326_005538/backtest_results.csv --reports-dir /mnt/c/Users/ZHAOKAI/Poly_backtest_Final/results/telegram_jobs/20260326_005538/reports --cores 1 --max 1000 --latest
2026-03-26 00:55:38 [INFO] backtest_bot.notifier - pending_reply 返回 101 字符
2026-03-26 00:55:38 [DEBUG] backtest_bot.notifier - 准备发送: 🚀 已启动回测: 20260326_005538 📁 样本: 最新 1000 个 🧱 策略: config/strate...
2026-03-26 00:55:39 [INFO] backtest_bot.notifier - 发送成功 (101 chars): 🚀 已启动回测: 20260326_005538 📁 样本: 最新 1000 个 🧱 策略: config/strate...
2026-03-26 00:55:40 [DEBUG] backtest_bot.bot - push_update: 预加载开始: 1000 个轮次 (缓存: FST)
2026-03-26 00:55:40 [DEBUG] backtest_bot.notifier - 准备发送: 预加载开始: 1000 个轮次 (缓存: FST)...
2026-03-26 00:55:40 [INFO] backtest_bot.notifier - 发送成功 (25 chars): 预加载开始: 1000 个轮次 (缓存: FST)...
2026-03-26 00:55:48 [DEBUG] backtest_bot.bot - push_update: ⏳ 组合回测中... 已运行 0分10秒 | 进度: 100 / 1000 (10%)
2026-03-26 00:55:48 [DEBUG] backtest_bot.notifier - 准备发送: ⏳ 组合回测中... 已运行 0分10秒 | 进度: 100 / 1000 (10%)...
2026-03-26 00:55:49 [INFO] backtest_bot.notifier - 发送成功 (43 chars): ⏳ 组合回测中... 已运行 0分10秒 | 进度: 100 / 1000 (10%)...
2026-03-26 00:56:31 [DEBUG] backtest_bot.bot - push_update: ⏳ 组合回测中... 已运行 0分52秒 | 进度: 700 / 1000 (70%)
2026-03-26 00:56:31 [DEBUG] backtest_bot.notifier - 准备发送: ⏳ 组合回测中... 已运行 0分52秒 | 进度: 700 / 1000 (70%)...
2026-03-26 00:56:32 [INFO] backtest_bot.notifier - 发送成功 (43 chars): ⏳ 组合回测中... 已运行 0分52秒 | 进度: 700 / 1000 (70%)...
2026-03-26 00:56:43 [DEBUG] backtest_bot.bot - push_update: 回测开始: 1000 个轮次
2026-03-26 00:56:43 [DEBUG] backtest_bot.notifier - 准备发送: 回测开始: 1000 个轮次...
2026-03-26 00:56:44 [INFO] backtest_bot.notifier - 发送成功 (14 chars): 回测开始: 1000 个轮次...
2026-03-26 00:57:31 [DEBUG] backtest_bot.bot - push_update: ⏳ 组合回测中... 已运行 1分52秒 | 进度: 300 / 1000 (30%)
2026-03-26 00:57:31 [DEBUG] backtest_bot.notifier - 准备发送: ⏳ 组合回测中... 已运行 1分52秒 | 进度: 300 / 1000 (30%)...
2026-03-26 00:57:32 [INFO] backtest_bot.notifier - 发送成功 (43 chars): ⏳ 组合回测中... 已运行 1分52秒 | 进度: 300 / 1000 (30%)...
2026-03-26 00:57:34 [INFO] backtest_bot.notifier - 收到消息: /status
2026-03-26 00:57:34 [INFO] backtest_bot.notifier - 匹配命令: /status
2026-03-26 00:57:34 [INFO] backtest_bot.notifier - 命令返回 172 字符
2026-03-26 00:57:34 [DEBUG] backtest_bot.notifier - 准备发送: 任务: 20260326_005538 状态: running 开始: 2026-03-26 00:55:38 样本数:...
2026-03-26 00:57:35 [INFO] backtest_bot.notifier - 发送成功 (172 chars): 任务: 20260326_005538 状态: running 开始: 2026-03-26 00:55:38 样本数:...
2026-03-26 00:58:17 [DEBUG] backtest_bot.bot - push_update: ⏳ 组合回测中... 已运行 2分38秒 | 进度: 600 / 1000 (60%)
2026-03-26 00:58:17 [DEBUG] backtest_bot.notifier - 准备发送: ⏳ 组合回测中... 已运行 2分38秒 | 进度: 600 / 1000 (60%)...
2026-03-26 00:58:18 [INFO] backtest_bot.notifier - 发送成功 (43 chars): ⏳ 组合回测中... 已运行 2分38秒 | 进度: 600 / 1000 (60%)...
2026-03-26 00:59:16 [DEBUG] backtest_bot.bot - push_update: ⏳ 组合回测中... 已运行 3分37秒 | 进度: 900 / 1000 (90%)
2026-03-26 00:59:16 [DEBUG] backtest_bot.notifier - 准备发送: ⏳ 组合回测中... 已运行 3分37秒 | 进度: 900 / 1000 (90%)...
2026-03-26 00:59:17 [INFO] backtest_bot.notifier - 发送成功 (43 chars): ⏳ 组合回测中... 已运行 3分37秒 | 进度: 900 / 1000 (90%)...
2026-03-26 00:59:38 [DEBUG] backtest_bot.bot - push_update: 回测完成: 511 笔交易, 总 PnL = 1537.0000
2026-03-26 00:59:38 [DEBUG] backtest_bot.notifier - 准备发送: 回测完成: 511 笔交易, 总 PnL = 1537.0000...
2026-03-26 00:59:39 [INFO] backtest_bot.notifier - 发送成功 (32 chars): 回测完成: 511 笔交易, 总 PnL = 1537.0000...
2026-03-26 00:59:42 [DEBUG] backtest_bot.bot - push_update: 结果已保存到 /mnt/c/Users/ZHAOKAI/Poly_backtest_Final/results/telegram_jobs/20260326_0
2026-03-26 00:59:42 [DEBUG] backtest_bot.notifier - 准备发送: 结果已保存到 /mnt/c/Users/ZHAOKAI/Poly_backtest_Final/results/tele...
2026-03-26 00:59:42 [INFO] backtest_bot.leaderboard - Leaderboard: 记录已写入 (PnL=1537.0000, source=run), 总计 33 条
2026-03-26 00:59:42 [DEBUG] backtest_bot.bot - push_update: 回测完成: 20260326_005538
轮次总数: 1000
交易笔数: 511
总PnL: 1537.0000
胜率: 79.8%
退出分布: profi
2026-03-26 00:59:42 [INFO] backtest_bot.notifier - 发送成功 (106 chars): 结果已保存到 /mnt/c/Users/ZHAOKAI/Poly_backtest_Final/results/tele...
2026-03-26 00:59:42 [DEBUG] backtest_bot.notifier - 准备发送: 回测完成: 20260326_005538 轮次总数: 1000 交易笔数: 511 总PnL: 1537.0000 胜...
2026-03-26 00:59:43 [INFO] backtest_bot.notifier - 发送成功 (318 chars): 回测完成: 20260326_005538 轮次总数: 1000 交易笔数: 511 总PnL: 1537.0000 胜...
2026-03-26 00:59:47 [INFO] backtest_bot.notifier - 媒体组发送成功: 5 张图
2026-04-06 09:53:30 [DEBUG] asyncio - Using proactor: IocpProactor
2026-04-06 09:54:00 [DEBUG] asyncio - Using proactor: IocpProactor
2026-04-06 09:55:02 [DEBUG] asyncio - Using proactor: IocpProactor
2026-04-06 09:55:02 [INFO] backtest_bot.bot - Bot 正在启动...
2026-04-06 09:55:02 [INFO] backtest_bot.bot - Bot 已启动，开始轮询消息
2026-04-06 09:55:02 [DEBUG] backtest_bot.notifier - 准备发送: 🤖 回测 Bot 已启动  快速开始: • /analyze → 单因子扫参引导 • /run → 用当前配置快速回测 ...
2026-04-06 09:55:03 [INFO] backtest_bot.notifier - 发送成功 (122 chars): 🤖 回测 Bot 已启动  快速开始: • /analyze → 单因子扫参引导 • /run → 用当前配置快速回测 ...
2026-04-06 09:55:18 [INFO] backtest_bot.notifier - 收到消息: /help
2026-04-06 09:55:18 [INFO] backtest_bot.notifier - 匹配命令: /help
2026-04-06 09:55:18 [INFO] backtest_bot.notifier - 命令返回 375 字符
2026-04-06 09:55:18 [DEBUG] backtest_bot.notifier - 准备发送: 可用命令: /start - 打开菜单 /config - 查看当前草稿配置 /strategy - 查看并切换基础策略...
2026-04-06 09:55:19 [INFO] backtest_bot.notifier - 发送成功 (375 chars): 可用命令: /start - 打开菜单 /config - 查看当前草稿配置 /strategy - 查看并切换基础策略...
2026-04-06 09:55:32 [INFO] backtest_bot.notifier - 收到消息: /hurst
2026-04-06 09:55:32 [INFO] backtest_bot.notifier - 匹配命令: /hurst
2026-04-06 09:55:32 [INFO] backtest_bot.notifier - 命令返回 26 字符
2026-04-06 09:55:32 [INFO] backtest_bot.runner - 启动分析 R 命令: Rscript /mnt/c/Users/ZHAOKAI/Poly_backtest_Final/scripts/run_hurst_analysis.R --config /mnt/c/Users/ZHAOKAI/Poly_backtest_Final/results/telegram_jobs/20260406_095532/strategy.yaml --data-dir /mnt/c/Users/ZHAOKAI/Poly_backtest_Final/data/raw --summary-out /mnt/c/Users/ZHAOKAI/Poly_backtest_Final/results/telegram_jobs/20260406_095532/hurst_bucket_summary.csv --out-dir /mnt/c/Users/ZHAOKAI/Poly_backtest_Final/results/telegram_jobs/20260406_095532 --window 60 --max 300 --latest
2026-04-06 09:55:32 [DEBUG] backtest_bot.bot - push_update: ❌ Hurst 分析启动失败: [WinError 267] 目录名称无效。
2026-04-06 09:55:32 [DEBUG] backtest_bot.notifier - 准备发送: 🚀 已启动 Hurst 分析，完成后会推送分桶结果。...
2026-04-06 09:55:32 [INFO] backtest_bot.notifier - 发送成功 (26 chars): 🚀 已启动 Hurst 分析，完成后会推送分桶结果。...
2026-04-06 09:55:32 [DEBUG] backtest_bot.notifier - 准备发送: ❌ Hurst 分析启动失败: [WinError 267] 目录名称无效。...
2026-04-06 09:55:33 [INFO] backtest_bot.notifier - 发送成功 (38 chars): ❌ Hurst 分析启动失败: [WinError 267] 目录名称无效。...
2026-04-06 09:56:46 [DEBUG] asyncio - Using proactor: IocpProactor
2026-04-06 09:56:46 [INFO] backtest_bot.bot - Bot 正在启动...
2026-04-06 09:56:46 [INFO] backtest_bot.bot - Bot 已启动，开始轮询消息
2026-04-06 09:56:46 [DEBUG] backtest_bot.notifier - 准备发送: 🤖 回测 Bot 已启动  快速开始: • /analyze → 单因子扫参引导 • /run → 用当前配置快速回测 ...
2026-04-06 09:56:47 [INFO] backtest_bot.notifier - 发送成功 (122 chars): 🤖 回测 Bot 已启动  快速开始: • /analyze → 单因子扫参引导 • /run → 用当前配置快速回测 ...
2026-04-06 09:57:00 [INFO] backtest_bot.notifier - 收到消息: /help
2026-04-06 09:57:00 [INFO] backtest_bot.notifier - 匹配命令: /help
2026-04-06 09:57:00 [INFO] backtest_bot.notifier - 命令返回 375 字符
2026-04-06 09:57:00 [DEBUG] backtest_bot.notifier - 准备发送: 可用命令: /start - 打开菜单 /config - 查看当前草稿配置 /strategy - 查看并切换基础策略...
2026-04-06 09:57:00 [INFO] backtest_bot.notifier - 发送成功 (375 chars): 可用命令: /start - 打开菜单 /config - 查看当前草稿配置 /strategy - 查看并切换基础策略...
2026-04-06 09:57:02 [INFO] backtest_bot.notifier - 收到消息: /hurst
2026-04-06 09:57:02 [INFO] backtest_bot.notifier - 匹配命令: /hurst
2026-04-06 09:57:02 [INFO] backtest_bot.notifier - 命令返回 26 字符
2026-04-06 09:57:02 [DEBUG] backtest_bot.bot - push_update: ❌ Hurst 分析启动失败: name 'use_latest' is not defined
2026-04-06 09:57:02 [DEBUG] backtest_bot.notifier - 准备发送: 🚀 已启动 Hurst 分析，完成后会推送分桶结果。...
2026-04-06 09:57:03 [INFO] backtest_bot.notifier - 发送成功 (26 chars): 🚀 已启动 Hurst 分析，完成后会推送分桶结果。...
2026-04-06 09:57:03 [DEBUG] backtest_bot.notifier - 准备发送: ❌ Hurst 分析启动失败: name 'use_latest' is not defined...
2026-04-06 09:57:04 [INFO] backtest_bot.notifier - 发送成功 (48 chars): ❌ Hurst 分析启动失败: name 'use_latest' is not defined...
2026-04-06 09:57:18 [INFO] backtest_bot.notifier - 收到消息: /trendscan
2026-04-06 09:57:18 [INFO] backtest_bot.notifier - 匹配命令: /trendscan
2026-04-06 09:57:18 [INFO] backtest_bot.notifier - 命令返回 26 字符
2026-04-06 09:57:18 [DEBUG] backtest_bot.bot - push_update: 🔄 开始趋势策略参数扫描：entry=0.60/0.65/0.70, profit=0.80/0.85, stop=0.40/0.50
2026-04-06 09:57:18 [DEBUG] backtest_bot.bot - push_update: ❌ 趋势扫描启动失败: name 'use_latest' is not defined
2026-04-06 09:57:18 [DEBUG] backtest_bot.notifier - 准备发送: 🚀 已启动趋势参数扫描，完成后会推送 Top 结果。...
2026-04-06 09:57:19 [INFO] backtest_bot.notifier - 发送成功 (26 chars): 🚀 已启动趋势参数扫描，完成后会推送 Top 结果。...
2026-04-06 09:57:19 [DEBUG] backtest_bot.notifier - 准备发送: 🔄 开始趋势策略参数扫描：entry=0.60/0.65/0.70, profit=0.80/0.85, stop=0....
2026-04-06 09:57:20 [INFO] backtest_bot.notifier - 发送成功 (67 chars): 🔄 开始趋势策略参数扫描：entry=0.60/0.65/0.70, profit=0.80/0.85, stop=0....
2026-04-06 09:57:20 [DEBUG] backtest_bot.notifier - 准备发送: ❌ 趋势扫描启动失败: name 'use_latest' is not defined...
2026-04-06 09:57:21 [INFO] backtest_bot.notifier - 发送成功 (44 chars): ❌ 趋势扫描启动失败: name 'use_latest' is not defined...
2026-04-06 09:57:40 [DEBUG] asyncio - Using proactor: IocpProactor
2026-04-06 09:57:40 [INFO] backtest_bot.bot - Bot 正在启动...
2026-04-06 09:57:40 [INFO] backtest_bot.bot - Bot 已启动，开始轮询消息
2026-04-06 09:57:40 [DEBUG] backtest_bot.notifier - 准备发送: 🤖 回测 Bot 已启动  快速开始: • /analyze → 单因子扫参引导 • /run → 用当前配置快速回测 ...
2026-04-06 09:57:42 [INFO] backtest_bot.notifier - 发送成功 (122 chars): 🤖 回测 Bot 已启动  快速开始: • /analyze → 单因子扫参引导 • /run → 用当前配置快速回测 ...
2026-04-06 09:57:46 [INFO] backtest_bot.notifier - 收到消息: /start
2026-04-06 09:57:46 [INFO] backtest_bot.notifier - 匹配命令: /start
2026-04-06 09:57:46 [DEBUG] backtest_bot.notifier - pending_reply 设置为: functools.partial(<function handle_menu_reply at 0x000001CC691BA670>, <backtest_bot.bot.BacktestTelegramBot object at 0x000001CC688D5E50>)
2026-04-06 09:57:46 [INFO] backtest_bot.notifier - 命令返回 236 字符
2026-04-06 09:57:46 [DEBUG] backtest_bot.notifier - 准备发送: 📊 回测菜单  核心功能:   1  单因子扫参测试（引导式）   2  快速回测   3  🏆 参数排行榜  14  ...
2026-04-06 09:57:46 [INFO] backtest_bot.notifier - 发送成功 (236 chars): 📊 回测菜单  核心功能:   1  单因子扫参测试（引导式）   2  快速回测   3  🏆 参数排行榜  14  ...
2026-04-06 09:57:49 [INFO] backtest_bot.notifier - 收到消息: /help
2026-04-06 09:57:49 [INFO] backtest_bot.notifier - 匹配命令: /help
2026-04-06 09:57:49 [INFO] backtest_bot.notifier - 命令返回 375 字符
2026-04-06 09:57:49 [DEBUG] backtest_bot.notifier - 准备发送: 可用命令: /start - 打开菜单 /config - 查看当前草稿配置 /strategy - 查看并切换基础策略...
2026-04-06 09:57:49 [INFO] backtest_bot.notifier - 发送成功 (375 chars): 可用命令: /start - 打开菜单 /config - 查看当前草稿配置 /strategy - 查看并切换基础策略...
2026-04-06 09:57:51 [INFO] backtest_bot.notifier - 收到消息: /hurst
2026-04-06 09:57:51 [INFO] backtest_bot.notifier - 匹配命令: /hurst
2026-04-06 09:57:51 [INFO] backtest_bot.notifier - 命令返回 26 字符
2026-04-06 09:57:51 [INFO] backtest_bot.runner - 启动分析 R 命令: Rscript C:\Users\ZHAOKAI\Poly_backtest_Final\scripts\run_hurst_analysis.R --config C:\Users\ZHAOKAI\Poly_backtest_Final\results\telegram_jobs\20260406_095751\strategy.yaml --data-dir C:\Users\ZHAOKAI\Poly_backtest_Final\data\raw --summary-out C:\Users\ZHAOKAI\Poly_backtest_Final\results\telegram_jobs\20260406_095751\hurst_bucket_summary.csv --out-dir C:\Users\ZHAOKAI\Poly_backtest_Final\results\telegram_jobs\20260406_095751 --window 60 --max 300
2026-04-06 09:57:51 [DEBUG] backtest_bot.notifier - 准备发送: 🚀 已启动 Hurst 分析，完成后会推送分桶结果。...
2026-04-06 09:57:52 [INFO] backtest_bot.notifier - 发送成功 (26 chars): 🚀 已启动 Hurst 分析，完成后会推送分桶结果。...
2026-04-06 09:57:52 [ERROR] backtest_bot.runner - 回测失败 (rc=1), 最后输出:
Error: 需要安装 pracma 包: install.packages('pracma')
Execution halted
2026-04-06 09:57:52 [DEBUG] backtest_bot.bot - push_update: ❌ 回测任务失败，返回码 1。
错误输出:
Error: 需要安装 pracma 包: install.packages('pracma')
Execution
2026-04-06 09:57:52 [DEBUG] backtest_bot.notifier - 准备发送: ❌ 回测任务失败，返回码 1。 错误输出: Error: 需要安装 pracma 包: install.packages...
2026-04-06 09:57:53 [INFO] backtest_bot.notifier - 发送成功 (87 chars): ❌ 回测任务失败，返回码 1。 错误输出: Error: 需要安装 pracma 包: install.packages...
2026-04-06 09:57:54 [DEBUG] backtest_bot.bot - push_update: ❌ Hurst 分析失败。
2026-04-06 09:57:54 [DEBUG] backtest_bot.notifier - 准备发送: ❌ Hurst 分析失败。...
2026-04-06 09:57:54 [INFO] backtest_bot.notifier - 发送成功 (13 chars): ❌ Hurst 分析失败。...
2026-04-06 09:59:18 [DEBUG] asyncio - Using proactor: IocpProactor
2026-04-06 09:59:18 [INFO] backtest_bot.bot - Bot 正在启动...
2026-04-06 09:59:18 [INFO] backtest_bot.bot - Bot 已启动，开始轮询消息
2026-04-06 09:59:18 [DEBUG] backtest_bot.notifier - 准备发送: 🤖 回测 Bot 已启动  快速开始: • /analyze → 单因子扫参引导 • /run → 用当前配置快速回测 ...
2026-04-06 09:59:19 [INFO] backtest_bot.notifier - 发送成功 (122 chars): 🤖 回测 Bot 已启动  快速开始: • /analyze → 单因子扫参引导 • /run → 用当前配置快速回测 ...
2026-04-06 09:59:24 [INFO] backtest_bot.notifier - 收到消息: /help
2026-04-06 09:59:24 [INFO] backtest_bot.notifier - 匹配命令: /help
2026-04-06 09:59:24 [INFO] backtest_bot.notifier - 命令返回 435 字符
2026-04-06 09:59:24 [DEBUG] backtest_bot.notifier - 准备发送: 可用命令: /start - 打开菜单 /config - 查看当前草稿配置 /strategy - 查看并切换基础策略...
2026-04-06 09:59:25 [INFO] backtest_bot.notifier - 发送成功 (435 chars): 可用命令: /start - 打开菜单 /config - 查看当前草稿配置 /strategy - 查看并切换基础策略...
2026-04-06 09:59:27 [INFO] backtest_bot.notifier - 收到消息: /hurst
2026-04-06 09:59:27 [INFO] backtest_bot.notifier - 匹配命令: /hurst
2026-04-06 09:59:27 [INFO] backtest_bot.notifier - 命令返回 83 字符
2026-04-06 09:59:27 [INFO] backtest_bot.runner - 启动分析 R 命令: Rscript C:\Users\ZHAOKAI\Poly_backtest_Final\scripts\run_hurst_analysis.R --config C:\Users\ZHAOKAI\Poly_backtest_Final\results\telegram_jobs\20260406_095927\strategy.yaml --data-dir C:\Users\ZHAOKAI\Poly_backtest_Final\data\raw --summary-out C:\Users\ZHAOKAI\Poly_backtest_Final\results\telegram_jobs\20260406_095927\hurst_bucket_summary.csv --out-dir C:\Users\ZHAOKAI\Poly_backtest_Final\results\telegram_jobs\20260406_095927 --window 60 --max 300
2026-04-06 09:59:27 [DEBUG] backtest_bot.notifier - 准备发送: 🚀 已启动 Hurst 分析，完成后会推送分桶结果。 用法示例: /hurst window=60 breaks=0,0...
2026-04-06 09:59:27 [INFO] backtest_bot.notifier - 发送成功 (83 chars): 🚀 已启动 Hurst 分析，完成后会推送分桶结果。 用法示例: /hurst window=60 breaks=0,0...
2026-04-06 09:59:28 [DEBUG] backtest_bot.bot - push_update: 预加载开始: 300 个轮次 (缓存: FST)
2026-04-06 09:59:28 [DEBUG] backtest_bot.notifier - 准备发送: 预加载开始: 300 个轮次 (缓存: FST)...
2026-04-06 09:59:29 [INFO] backtest_bot.notifier - 发送成功 (24 chars): 预加载开始: 300 个轮次 (缓存: FST)...
2026-04-06 09:59:31 [DEBUG] backtest_bot.bot - push_update: ⏳ 组合回测中... 已运行 0分4秒 | 进度: 100 / 300 (33%)
2026-04-06 09:59:31 [DEBUG] backtest_bot.notifier - 准备发送: ⏳ 组合回测中... 已运行 0分4秒 | 进度: 100 / 300 (33%)...
2026-04-06 09:59:32 [INFO] backtest_bot.notifier - 发送成功 (41 chars): ⏳ 组合回测中... 已运行 0分4秒 | 进度: 100 / 300 (33%)...
2026-04-06 09:59:38 [DEBUG] backtest_bot.bot - push_update: Hurst基线回测开始: 300 个轮次
2026-04-06 09:59:38 [DEBUG] backtest_bot.notifier - 准备发送: Hurst基线回测开始: 300 个轮次...
2026-04-06 09:59:39 [INFO] backtest_bot.notifier - 发送成功 (20 chars): Hurst基线回测开始: 300 个轮次...
2026-04-06 10:01:03 [DEBUG] backtest_bot.bot - push_update: Hurst基线回测完成: 158 笔交易, 总 PnL = 568.0000
2026-04-06 10:01:03 [DEBUG] backtest_bot.notifier - 准备发送: Hurst基线回测完成: 158 笔交易, 总 PnL = 568.0000...
2026-04-06 10:01:04 [INFO] backtest_bot.notifier - 发送成功 (38 chars): Hurst基线回测完成: 158 笔交易, 总 PnL = 568.0000...
2026-04-06 10:01:07 [DEBUG] backtest_bot.bot - push_update: ✅ Hurst 分析完成
结果文件: C:\Users\ZHAOKAI\Poly_backtest_Final\results\telegram_jobs\20
2026-04-06 10:01:07 [DEBUG] backtest_bot.notifier - 准备发送: ✅ Hurst 分析完成 结果文件: C:\Users\ZHAOKAI\Poly_backtest_Final\resu...
2026-04-06 10:01:07 [INFO] backtest_bot.notifier - 发送成功 (241 chars): ✅ Hurst 分析完成 结果文件: C:\Users\ZHAOKAI\Poly_backtest_Final\resu...
2026-04-06 10:02:17 [INFO] backtest_bot.notifier - 收到消息: /help
2026-04-06 10:02:17 [INFO] backtest_bot.notifier - 匹配命令: /help
2026-04-06 10:02:17 [INFO] backtest_bot.notifier - 命令返回 435 字符
2026-04-06 10:02:17 [DEBUG] backtest_bot.notifier - 准备发送: 可用命令: /start - 打开菜单 /config - 查看当前草稿配置 /strategy - 查看并切换基础策略...
2026-04-06 10:02:18 [INFO] backtest_bot.notifier - 发送成功 (435 chars): 可用命令: /start - 打开菜单 /config - 查看当前草稿配置 /strategy - 查看并切换基础策略...
2026-04-06 10:02:20 [INFO] backtest_bot.notifier - 收到消息: /trendscan
2026-04-06 10:02:20 [INFO] backtest_bot.notifier - 匹配命令: /trendscan
2026-04-06 10:02:20 [INFO] backtest_bot.notifier - 命令返回 106 字符
2026-04-06 10:02:20 [DEBUG] backtest_bot.bot - push_update: 🔄 开始趋势策略参数扫描：entry=[0.6, 0.65, 0.7], profit=[0.8, 0.85], stop=[0.4, 0.5], side=b
2026-04-06 10:02:20 [INFO] backtest_bot.runner - 启动分析 R 命令: Rscript C:\Users\ZHAOKAI\Poly_backtest_Final\scripts\run_trend_grid_search.R --config C:\Users\ZHAOKAI\Poly_backtest_Final\results\telegram_jobs\20260406_100220\strategy.yaml --data-dir C:\Users\ZHAOKAI\Poly_backtest_Final\data\raw --summary-out C:\Users\ZHAOKAI\Poly_backtest_Final\results\telegram_jobs\20260406_100220\trend_grid_search_summary.csv --out-dir C:\Users\ZHAOKAI\Poly_backtest_Final\results\telegram_jobs\20260406_100220 --entry-values 0.6,0.65,0.7 --profit-values 0.8,0.85 --stop-values 0.4,0.5 --trend-side both --max 300
2026-04-06 10:02:20 [DEBUG] backtest_bot.notifier - 准备发送: 🚀 已启动趋势参数扫描，完成后会推送 Top 结果。 用法示例: /trendscan entry=0.60,0.65,...
2026-04-06 10:02:20 [INFO] backtest_bot.notifier - 发送成功 (106 chars): 🚀 已启动趋势参数扫描，完成后会推送 Top 结果。 用法示例: /trendscan entry=0.60,0.65,...
2026-04-06 10:02:20 [DEBUG] backtest_bot.notifier - 准备发送: 🔄 开始趋势策略参数扫描：entry=[0.6, 0.65, 0.7], profit=[0.8, 0.85], sto...
2026-04-06 10:02:21 [INFO] backtest_bot.notifier - 发送成功 (83 chars): 🔄 开始趋势策略参数扫描：entry=[0.6, 0.65, 0.7], profit=[0.8, 0.85], sto...
2026-04-06 10:02:24 [DEBUG] backtest_bot.bot - push_update: 任务规模: 趋势组合 12 组
2026-04-06 10:02:24 [DEBUG] backtest_bot.notifier - 准备发送: 任务规模: 趋势组合 12 组...
2026-04-06 10:02:24 [INFO] backtest_bot.notifier - 发送成功 (15 chars): 任务规模: 趋势组合 12 组...
2026-04-06 10:02:24 [DEBUG] backtest_bot.bot - push_update: 预加载开始: 300 个轮次 (缓存: FST)
2026-04-06 10:02:24 [DEBUG] backtest_bot.notifier - 准备发送: 预加载开始: 300 个轮次 (缓存: FST)...
2026-04-06 10:02:25 [INFO] backtest_bot.notifier - 发送成功 (24 chars): 预加载开始: 300 个轮次 (缓存: FST)...
2026-04-06 10:02:27 [DEBUG] backtest_bot.bot - push_update: ⏳ 组合回测中... 已运行 0分7秒 | 进度: 100 / 300 (33%)
2026-04-06 10:02:27 [DEBUG] backtest_bot.notifier - 准备发送: ⏳ 组合回测中... 已运行 0分7秒 | 进度: 100 / 300 (33%)...
2026-04-06 10:02:28 [INFO] backtest_bot.notifier - 发送成功 (41 chars): ⏳ 组合回测中... 已运行 0分7秒 | 进度: 100 / 300 (33%)...
2026-04-06 10:05:08 [INFO] backtest_bot.notifier - 收到消息: /status
2026-04-06 10:05:08 [INFO] backtest_bot.notifier - 匹配命令: /status
2026-04-06 10:05:08 [INFO] backtest_bot.notifier - 命令返回 254 字符
2026-04-06 10:05:08 [DEBUG] backtest_bot.notifier - 准备发送: 任务: 20260406_100220 状态: running 开始: 2026-04-06 10:02:20 样本数:...
2026-04-06 10:05:09 [INFO] backtest_bot.notifier - 发送成功 (254 chars): 任务: 20260406_100220 状态: running 开始: 2026-04-06 10:02:20 样本数:...
2026-04-06 10:08:04 [INFO] backtest_bot.notifier - 收到消息: /status
2026-04-06 10:08:04 [INFO] backtest_bot.notifier - 匹配命令: /status
2026-04-06 10:08:04 [INFO] backtest_bot.notifier - 命令返回 256 字符
2026-04-06 10:08:04 [DEBUG] backtest_bot.notifier - 准备发送: 任务: 20260406_100220 状态: running 开始: 2026-04-06 10:02:20 样本数:...
2026-04-06 10:08:05 [INFO] backtest_bot.notifier - 发送成功 (256 chars): 任务: 20260406_100220 状态: running 开始: 2026-04-06 10:02:20 样本数:...
2026-04-06 10:08:58 [INFO] backtest_bot.notifier - 收到消息: /status
2026-04-06 10:08:58 [INFO] backtest_bot.notifier - 匹配命令: /status
2026-04-06 10:08:58 [INFO] backtest_bot.notifier - 命令返回 256 字符
2026-04-06 10:08:58 [DEBUG] backtest_bot.notifier - 准备发送: 任务: 20260406_100220 状态: running 开始: 2026-04-06 10:02:20 样本数:...
2026-04-06 10:09:00 [INFO] backtest_bot.notifier - 发送成功 (256 chars): 任务: 20260406_100220 状态: running 开始: 2026-04-06 10:02:20 样本数:...
2026-04-06 10:10:03 [INFO] backtest_bot.notifier - 收到消息: /status
2026-04-06 10:10:03 [INFO] backtest_bot.notifier - 匹配命令: /status
2026-04-06 10:10:03 [INFO] backtest_bot.notifier - 命令返回 260 字符
2026-04-06 10:10:03 [DEBUG] backtest_bot.notifier - 准备发送: 任务: 20260406_100220 状态: running 开始: 2026-04-06 10:02:20 样本数:...
2026-04-06 10:10:04 [INFO] backtest_bot.notifier - 发送成功 (260 chars): 任务: 20260406_100220 状态: running 开始: 2026-04-06 10:02:20 样本数:...
2026-04-06 10:11:06 [DEBUG] backtest_bot.bot - push_update: 结果已保存到 C:\Users\ZHAOKAI\Poly_backtest_Final\results\telegram_jobs\20260406_10022
2026-04-06 10:11:06 [DEBUG] backtest_bot.notifier - 准备发送: 结果已保存到 C:\Users\ZHAOKAI\Poly_backtest_Final\results\telegram...
2026-04-06 10:11:06 [DEBUG] backtest_bot.bot - push_update: ✅ 趋势扫描完成
结果文件: C:\Users\ZHAOKAI\Poly_backtest_Final\results\telegram_jobs\202604
2026-04-06 10:11:07 [INFO] backtest_bot.notifier - 发送成功 (111 chars): 结果已保存到 C:\Users\ZHAOKAI\Poly_backtest_Final\results\telegram...
2026-04-06 10:11:07 [DEBUG] backtest_bot.notifier - 准备发送: ✅ 趋势扫描完成 结果文件: C:\Users\ZHAOKAI\Poly_backtest_Final\results\...
2026-04-06 10:11:07 [INFO] backtest_bot.notifier - 发送成功 (487 chars): ✅ 趋势扫描完成 结果文件: C:\Users\ZHAOKAI\Poly_backtest_Final\results\...
2026-04-06 10:12:15 [DEBUG] asyncio - Using proactor: IocpProactor
2026-04-06 10:12:16 [WARNING] __main__ - 检测到旧 bot 进程 (PID 305764)，正在终止...
2026-04-06 10:12:17 [INFO] backtest_bot.bot - Bot 正在启动...
2026-04-06 10:12:17 [INFO] backtest_bot.bot - Bot 已启动，开始轮询消息
2026-04-06 10:12:17 [DEBUG] backtest_bot.notifier - 准备发送: 🤖 回测 Bot 已启动  快速开始: • /analyze → 单因子扫参引导 • /run → 用当前配置快速回测 ...
2026-04-06 10:12:18 [INFO] backtest_bot.notifier - 发送成功 (122 chars): 🤖 回测 Bot 已启动  快速开始: • /analyze → 单因子扫参引导 • /run → 用当前配置快速回测 ...
2026-04-06 10:12:23 [INFO] backtest_bot.notifier - 收到消息: /help
2026-04-06 10:12:23 [INFO] backtest_bot.notifier - 匹配命令: /help
2026-04-06 10:12:23 [INFO] backtest_bot.notifier - 命令返回 435 字符
2026-04-06 10:12:23 [DEBUG] backtest_bot.notifier - 准备发送: 可用命令: /start - 打开菜单 /config - 查看当前草稿配置 /strategy - 查看并切换基础策略...
2026-04-06 10:12:23 [INFO] backtest_bot.notifier - 发送成功 (435 chars): 可用命令: /start - 打开菜单 /config - 查看当前草稿配置 /strategy - 查看并切换基础策略...
2026-04-06 10:12:27 [INFO] backtest_bot.notifier - 收到消息: /config
2026-04-06 10:12:27 [INFO] backtest_bot.notifier - 匹配命令: /config
2026-04-06 10:12:27 [INFO] backtest_bot.notifier - 命令返回 431 字符
2026-04-06 10:12:27 [DEBUG] backtest_bot.notifier - 准备发送: 当前策略底座: config/strategy.yaml --- 当前回测草稿: 样本数: 300 模块: 极性过滤: ...
2026-04-06 10:12:27 [INFO] backtest_bot.notifier - 发送成功 (431 chars): 当前策略底座: config/strategy.yaml --- 当前回测草稿: 样本数: 300 模块: 极性过滤: ...
2026-04-06 10:12:39 [INFO] backtest_bot.notifier - 收到消息: /toggle 宵禁
2026-04-06 10:12:39 [INFO] backtest_bot.notifier - 匹配命令: /toggle
2026-04-06 10:12:39 [INFO] backtest_bot.notifier - 命令返回 10 字符
2026-04-06 10:12:39 [DEBUG] backtest_bot.notifier - 准备发送: 宵禁 已切换为 关。...
2026-04-06 10:12:40 [INFO] backtest_bot.notifier - 发送成功 (10 chars): 宵禁 已切换为 关。...
2026-04-06 10:12:49 [INFO] backtest_bot.notifier - 收到消息: /toggle 买入窗口限制
2026-04-06 10:12:49 [INFO] backtest_bot.notifier - 匹配命令: /toggle
2026-04-06 10:12:49 [INFO] backtest_bot.notifier - 命令返回 14 字符
2026-04-06 10:12:49 [DEBUG] backtest_bot.notifier - 准备发送: 买入窗口限制 已切换为 开。...
2026-04-06 10:12:49 [INFO] backtest_bot.notifier - 发送成功 (14 chars): 买入窗口限制 已切换为 开。...
2026-04-06 10:12:53 [INFO] backtest_bot.notifier - 收到消息: /toggle 时间止损
2026-04-06 10:12:53 [INFO] backtest_bot.notifier - 匹配命令: /toggle
2026-04-06 10:12:53 [INFO] backtest_bot.notifier - 命令返回 12 字符
2026-04-06 10:12:53 [DEBUG] backtest_bot.notifier - 准备发送: 时间止损 已切换为 关。...
2026-04-06 10:12:53 [INFO] backtest_bot.notifier - 发送成功 (12 chars): 时间止损 已切换为 关。...
2026-04-06 10:13:11 [INFO] backtest_bot.notifier - 收到消息: /set 样本数 1200
2026-04-06 10:13:11 [INFO] backtest_bot.notifier - 匹配命令: /set
2026-04-06 10:13:11 [INFO] backtest_bot.notifier - 命令返回 164 字符
2026-04-06 10:13:11 [DEBUG] backtest_bot.notifier - 准备发送: 参数名不存在。可选项: 策略模式 趋势方向 买入价 卖出价 趋势买入价 趋势止盈价 趋势止损价 每笔份额 初始资金 ER...
2026-04-06 10:13:12 [INFO] backtest_bot.notifier - 发送成功 (164 chars): 参数名不存在。可选项: 策略模式 趋势方向 买入价 卖出价 趋势买入价 趋势止盈价 趋势止损价 每笔份额 初始资金 ER...
2026-04-06 10:14:03 [INFO] backtest_bot.notifier - 收到消息: /config
2026-04-06 10:14:03 [INFO] backtest_bot.notifier - 匹配命令: /config
2026-04-06 10:14:03 [INFO] backtest_bot.notifier - 命令返回 431 字符
2026-04-06 10:14:03 [DEBUG] backtest_bot.notifier - 准备发送: 当前策略底座: config/strategy.yaml --- 当前回测草稿: 样本数: 300 模块: 极性过滤: ...
2026-04-06 10:14:04 [INFO] backtest_bot.notifier - 发送成功 (431 chars): 当前策略底座: config/strategy.yaml --- 当前回测草稿: 样本数: 300 模块: 极性过滤: ...
2026-04-06 10:22:22 [INFO] backtest_bot.notifier - 收到消息: /config
2026-04-06 10:22:22 [INFO] backtest_bot.notifier - 匹配命令: /config
2026-04-06 10:22:22 [INFO] backtest_bot.notifier - 命令返回 431 字符
2026-04-06 10:22:22 [DEBUG] backtest_bot.notifier - 准备发送: 当前策略底座: config/strategy.yaml --- 当前回测草稿: 样本数: 300 模块: 极性过滤: ...
2026-04-06 10:22:23 [INFO] backtest_bot.notifier - 发送成功 (431 chars): 当前策略底座: config/strategy.yaml --- 当前回测草稿: 样本数: 300 模块: 极性过滤: ...
2026-04-06 10:22:59 [DEBUG] asyncio - Using proactor: IocpProactor
2026-04-06 10:22:59 [WARNING] __main__ - 检测到旧 bot 进程 (PID 276112)，正在终止...
2026-04-06 10:23:00 [INFO] backtest_bot.bot - Bot 正在启动...
2026-04-06 10:23:00 [INFO] backtest_bot.bot - Bot 已启动，开始轮询消息
2026-04-06 10:23:00 [DEBUG] backtest_bot.notifier - 准备发送: 🤖 回测 Bot 已启动  快速开始: • /analyze → 单因子扫参引导 • /run → 用当前配置快速回测 ...
2026-04-06 10:23:01 [INFO] backtest_bot.notifier - 发送成功 (122 chars): 🤖 回测 Bot 已启动  快速开始: • /analyze → 单因子扫参引导 • /run → 用当前配置快速回测 ...
2026-04-06 10:23:04 [INFO] backtest_bot.notifier - 收到消息: /help
2026-04-06 10:23:04 [INFO] backtest_bot.notifier - 匹配命令: /help
2026-04-06 10:23:04 [INFO] backtest_bot.notifier - 命令返回 435 字符
2026-04-06 10:23:04 [DEBUG] backtest_bot.notifier - 准备发送: 可用命令: /start - 打开菜单 /config - 查看当前草稿配置 /strategy - 查看并切换基础策略...
2026-04-06 10:23:05 [INFO] backtest_bot.notifier - 发送成功 (435 chars): 可用命令: /start - 打开菜单 /config - 查看当前草稿配置 /strategy - 查看并切换基础策略...
2026-04-06 10:23:06 [INFO] backtest_bot.notifier - 收到消息: /config
2026-04-06 10:23:06 [INFO] backtest_bot.notifier - 匹配命令: /config
2026-04-06 10:23:06 [INFO] backtest_bot.notifier - 命令返回 450 字符
2026-04-06 10:23:06 [DEBUG] backtest_bot.notifier - 准备发送: 当前策略底座: config/strategy.yaml --- 当前回测草稿: 样本数: 300 模块: 极性过滤: ...
2026-04-06 10:23:07 [INFO] backtest_bot.notifier - 发送成功 (450 chars): 当前策略底座: config/strategy.yaml --- 当前回测草稿: 样本数: 300 模块: 极性过滤: ...
2026-04-06 10:23:26 [INFO] backtest_bot.notifier - 收到消息: /start
2026-04-06 10:23:26 [INFO] backtest_bot.notifier - 匹配命令: /start
2026-04-06 10:23:26 [DEBUG] backtest_bot.notifier - pending_reply 设置为: functools.partial(<function handle_menu_reply at 0x0000021FFCF29820>, <backtest_bot.bot.BacktestTelegramBot object at 0x0000021FFCEC2340>)
2026-04-06 10:23:26 [INFO] backtest_bot.notifier - 命令返回 236 字符
2026-04-06 10:23:26 [DEBUG] backtest_bot.notifier - 准备发送: 📊 回测菜单  核心功能:   1  单因子扫参测试（引导式）   2  快速回测   3  🏆 参数排行榜  14  ...
2026-04-06 10:23:27 [INFO] backtest_bot.notifier - 发送成功 (236 chars): 📊 回测菜单  核心功能:   1  单因子扫参测试（引导式）   2  快速回测   3  🏆 参数排行榜  14  ...
2026-04-06 10:23:59 [DEBUG] asyncio - Using proactor: IocpProactor
2026-04-06 10:23:59 [WARNING] __main__ - 检测到旧 bot 进程 (PID 344016)，正在终止...
2026-04-06 10:24:00 [INFO] backtest_bot.bot - Bot 正在启动...
2026-04-06 10:24:00 [INFO] backtest_bot.bot - Bot 已启动，开始轮询消息
2026-04-06 10:24:00 [DEBUG] backtest_bot.notifier - 准备发送: 🤖 回测 Bot 已启动  快速开始: • /analyze → 单因子扫参引导 • /run → 用当前配置快速回测 ...
2026-04-06 10:24:01 [INFO] backtest_bot.notifier - 发送成功 (136 chars): 🤖 回测 Bot 已启动  快速开始: • /analyze → 单因子扫参引导 • /run → 用当前配置快速回测 ...
2026-04-06 10:24:10 [INFO] backtest_bot.notifier - 收到消息: /help
2026-04-06 10:24:10 [INFO] backtest_bot.notifier - 匹配命令: /help
2026-04-06 10:24:10 [INFO] backtest_bot.notifier - 命令返回 435 字符
2026-04-06 10:24:10 [DEBUG] backtest_bot.notifier - 准备发送: 可用命令: /start - 打开菜单 /config - 查看当前草稿配置 /strategy - 查看并切换基础策略...
2026-04-06 10:24:10 [INFO] backtest_bot.notifier - 发送成功 (435 chars): 可用命令: /start - 打开菜单 /config - 查看当前草稿配置 /strategy - 查看并切换基础策略...
2026-04-06 10:24:11 [INFO] backtest_bot.notifier - 收到消息: /config
2026-04-06 10:24:11 [INFO] backtest_bot.notifier - 匹配命令: /config
2026-04-06 10:24:11 [INFO] backtest_bot.notifier - 命令返回 471 字符
2026-04-06 10:24:11 [DEBUG] backtest_bot.notifier - 准备发送: 当前策略底座: strategies/grid_er_hurst_1200.yaml --- 当前回测草稿: 样本数: ...
2026-04-06 10:24:12 [INFO] backtest_bot.notifier - 发送成功 (471 chars): 当前策略底座: strategies/grid_er_hurst_1200.yaml --- 当前回测草稿: 样本数: ...
2026-04-06 10:24:24 [INFO] backtest_bot.notifier - 收到消息: /run
2026-04-06 10:24:24 [INFO] backtest_bot.notifier - 匹配命令: /run
2026-04-06 10:24:24 [DEBUG] backtest_bot.notifier - pending_reply 设置为: functools.partial(<function handle_run_reply at 0x00000160817A74C0>, <backtest_bot.bot.BacktestTelegramBot object at 0x00000160817333D0>)
2026-04-06 10:24:24 [INFO] backtest_bot.notifier - 命令返回 660 字符
2026-04-06 10:24:24 [DEBUG] backtest_bot.notifier - 准备发送: 🔧 回测配置确认  🧱 策略: strategies/grid_er_hurst_1200.yaml 📁 数据: 最新 ...
2026-04-06 10:24:25 [INFO] backtest_bot.notifier - 发送成功 (660 chars): 🔧 回测配置确认  🧱 策略: strategies/grid_er_hurst_1200.yaml 📁 数据: 最新 ...
2026-04-06 10:24:32 [INFO] backtest_bot.notifier - 收到消息: 样本 1200
2026-04-06 10:24:32 [INFO] backtest_bot.notifier - 交由 pending_reply 处理: functools.partial(<function handle_run_reply at 0x00000160817A74C0>, <backtest_bot.bot.BacktestTelegramBot object at 0x00000160817333D0>)
2026-04-06 10:24:32 [DEBUG] backtest_bot.notifier - pending_reply 设置为: functools.partial(<function handle_run_reply at 0x00000160817A74C0>, <backtest_bot.bot.BacktestTelegramBot object at 0x00000160817333D0>)
2026-04-06 10:24:32 [INFO] backtest_bot.notifier - pending_reply 返回 675 字符
2026-04-06 10:24:32 [DEBUG] backtest_bot.notifier - 准备发送: 样本数已设置为 1200。  🔧 回测配置确认  🧱 策略: strategies/grid_er_hurst_1200...
2026-04-06 10:24:32 [INFO] backtest_bot.notifier - 发送成功 (675 chars): 样本数已设置为 1200。  🔧 回测配置确认  🧱 策略: strategies/grid_er_hurst_1200...
2026-04-06 10:24:38 [INFO] backtest_bot.notifier - 收到消息: 跑
2026-04-06 10:24:38 [INFO] backtest_bot.notifier - 交由 pending_reply 处理: functools.partial(<function handle_run_reply at 0x00000160817A74C0>, <backtest_bot.bot.BacktestTelegramBot object at 0x00000160817333D0>)
2026-04-06 10:24:38 [DEBUG] backtest_bot.notifier - pending_reply 清除 (was functools.partial(<function handle_run_reply at 0x00000160817A74C0>, <backtest_bot.bot.BacktestTelegramBot object at 0x00000160817333D0>))
2026-04-06 10:24:38 [INFO] backtest_bot.runner - 启动 R 命令: Rscript C:\Users\ZHAOKAI\Poly_backtest_Final\scripts\run_backtest.R --config C:\Users\ZHAOKAI\Poly_backtest_Final\results\telegram_jobs\20260406_102438\strategy.yaml --data-dir C:\Users\ZHAOKAI\Poly_backtest_Final\data\raw --results C:\Users\ZHAOKAI\Poly_backtest_Final\results\telegram_jobs\20260406_102438\backtest_results.csv --reports-dir C:\Users\ZHAOKAI\Poly_backtest_Final\results\telegram_jobs\20260406_102438\reports --cores 1 --max 1200 --latest
2026-04-06 10:24:38 [INFO] backtest_bot.notifier - pending_reply 返回 115 字符
2026-04-06 10:24:38 [DEBUG] backtest_bot.notifier - 准备发送: 🚀 已启动回测: 20260406_102438 📁 样本: 最新 1200 个 🧱 策略: strategies/gr...
2026-04-06 10:24:38 [INFO] backtest_bot.notifier - 发送成功 (115 chars): 🚀 已启动回测: 20260406_102438 📁 样本: 最新 1200 个 🧱 策略: strategies/gr...
2026-04-06 10:24:39 [DEBUG] backtest_bot.bot - push_update: 预加载开始: 1200 个轮次 (缓存: FST)
2026-04-06 10:24:39 [DEBUG] backtest_bot.notifier - 准备发送: 预加载开始: 1200 个轮次 (缓存: FST)...
2026-04-06 10:24:40 [INFO] backtest_bot.notifier - 发送成功 (25 chars): 预加载开始: 1200 个轮次 (缓存: FST)...
2026-04-06 10:24:43 [DEBUG] backtest_bot.bot - push_update: ⏳ 组合回测中... 已运行 0分4秒 | 进度: 100 / 1200 (8%)
2026-04-06 10:24:43 [DEBUG] backtest_bot.notifier - 准备发送: ⏳ 组合回测中... 已运行 0分4秒 | 进度: 100 / 1200 (8%)...
2026-04-06 10:24:43 [INFO] backtest_bot.notifier - 发送成功 (41 chars): ⏳ 组合回测中... 已运行 0分4秒 | 进度: 100 / 1200 (8%)...
2026-04-06 10:25:18 [DEBUG] backtest_bot.bot - push_update: 回测开始: 1200 个轮次
2026-04-06 10:25:18 [DEBUG] backtest_bot.notifier - 准备发送: 回测开始: 1200 个轮次...
2026-04-06 10:25:18 [INFO] backtest_bot.notifier - 收到消息: /status
2026-04-06 10:25:18 [INFO] backtest_bot.notifier - 匹配命令: /status
2026-04-06 10:25:18 [INFO] backtest_bot.notifier - 命令返回 174 字符
2026-04-06 10:25:19 [INFO] backtest_bot.notifier - 发送成功 (14 chars): 回测开始: 1200 个轮次...
2026-04-06 10:25:19 [DEBUG] backtest_bot.notifier - 准备发送: 任务: 20260406_102438 状态: running 开始: 2026-04-06 10:24:38 样本数:...
2026-04-06 10:25:20 [INFO] backtest_bot.notifier - 发送成功 (174 chars): 任务: 20260406_102438 状态: running 开始: 2026-04-06 10:24:38 样本数:...
2026-04-06 10:25:39 [DEBUG] backtest_bot.bot - push_update: ⏳ 组合回测中... 已运行 1分1秒 | 进度: 100 / 1200 (8%)
2026-04-06 10:25:39 [DEBUG] backtest_bot.notifier - 准备发送: ⏳ 组合回测中... 已运行 1分1秒 | 进度: 100 / 1200 (8%)...
2026-04-06 10:25:40 [INFO] backtest_bot.notifier - 发送成功 (41 chars): ⏳ 组合回测中... 已运行 1分1秒 | 进度: 100 / 1200 (8%)...
2026-04-06 10:26:23 [INFO] backtest_bot.notifier - 收到消息: /status
2026-04-06 10:26:23 [INFO] backtest_bot.notifier - 匹配命令: /status
2026-04-06 10:26:23 [INFO] backtest_bot.notifier - 命令返回 172 字符
2026-04-06 10:26:23 [DEBUG] backtest_bot.notifier - 准备发送: 任务: 20260406_102438 状态: running 开始: 2026-04-06 10:24:38 样本数:...
2026-04-06 10:26:24 [INFO] backtest_bot.notifier - 发送成功 (172 chars): 任务: 20260406_102438 状态: running 开始: 2026-04-06 10:24:38 样本数:...
2026-04-06 10:26:26 [DEBUG] backtest_bot.bot - push_update: ⏳ 组合回测中... 已运行 1分48秒 | 进度: 300 / 1200 (25%)
2026-04-06 10:26:26 [DEBUG] backtest_bot.notifier - 准备发送: ⏳ 组合回测中... 已运行 1分48秒 | 进度: 300 / 1200 (25%)...
2026-04-06 10:26:27 [INFO] backtest_bot.notifier - 发送成功 (43 chars): ⏳ 组合回测中... 已运行 1分48秒 | 进度: 300 / 1200 (25%)...
2026-04-06 10:27:34 [DEBUG] backtest_bot.bot - push_update: ⏳ 组合回测中... 已运行 2分56秒 | 进度: 600 / 1200 (50%)
2026-04-06 10:27:34 [DEBUG] backtest_bot.notifier - 准备发送: ⏳ 组合回测中... 已运行 2分56秒 | 进度: 600 / 1200 (50%)...
2026-04-06 10:27:36 [INFO] backtest_bot.notifier - 发送成功 (43 chars): ⏳ 组合回测中... 已运行 2分56秒 | 进度: 600 / 1200 (50%)...
2026-04-06 10:28:41 [DEBUG] backtest_bot.bot - push_update: ⏳ 组合回测中... 已运行 4分3秒 | 进度: 900 / 1200 (75%)
2026-04-06 10:28:41 [DEBUG] backtest_bot.notifier - 准备发送: ⏳ 组合回测中... 已运行 4分3秒 | 进度: 900 / 1200 (75%)...
2026-04-06 10:28:42 [INFO] backtest_bot.notifier - 发送成功 (42 chars): ⏳ 组合回测中... 已运行 4分3秒 | 进度: 900 / 1200 (75%)...
2026-04-06 10:29:50 [DEBUG] backtest_bot.bot - push_update: ⏳ 组合回测中... 已运行 5分12秒 | 进度: 1200 / 1200 (100%)
2026-04-06 10:29:50 [DEBUG] backtest_bot.notifier - 准备发送: ⏳ 组合回测中... 已运行 5分12秒 | 进度: 1200 / 1200 (100%)...
2026-04-06 10:29:51 [INFO] backtest_bot.notifier - 发送成功 (45 chars): ⏳ 组合回测中... 已运行 5分12秒 | 进度: 1200 / 1200 (100%)...
2026-04-06 10:29:55 [DEBUG] backtest_bot.bot - push_update: 回测完成: 0 笔交易, 总 PnL = 0.0000
2026-04-06 10:29:55 [DEBUG] backtest_bot.notifier - 准备发送: 回测完成: 0 笔交易, 总 PnL = 0.0000...
2026-04-06 10:29:55 [DEBUG] backtest_bot.bot - push_update: 结果已保存到 C:\Users\ZHAOKAI\Poly_backtest_Final\results\telegram_jobs\20260406_10243
2026-04-06 10:29:55 [INFO] backtest_bot.notifier - 发送成功 (27 chars): 回测完成: 0 笔交易, 总 PnL = 0.0000...
2026-04-06 10:29:55 [DEBUG] backtest_bot.notifier - 准备发送: 结果已保存到 C:\Users\ZHAOKAI\Poly_backtest_Final\results\telegram...
2026-04-06 10:29:55 [INFO] backtest_bot.leaderboard - Leaderboard: 记录已写入 (PnL=0.0000, source=run), 总计 34 条
2026-04-06 10:29:55 [DEBUG] backtest_bot.bot - push_update: 回测完成: 20260406_102438
轮次总数: 1200
交易笔数: 0
总PnL: 0.0000
胜率: 0.0%
退出分布: 无
跳过分布: hur
2026-04-06 10:29:56 [INFO] backtest_bot.notifier - 发送成功 (102 chars): 结果已保存到 C:\Users\ZHAOKAI\Poly_backtest_Final\results\telegram...
2026-04-06 10:29:56 [DEBUG] backtest_bot.notifier - 准备发送: 回测完成: 20260406_102438 轮次总数: 1200 交易笔数: 0 总PnL: 0.0000 胜率: 0....
2026-04-06 10:29:57 [INFO] backtest_bot.notifier - 发送成功 (313 chars): 回测完成: 20260406_102438 轮次总数: 1200 交易笔数: 0 总PnL: 0.0000 胜率: 0....
2026-04-06 10:35:15 [DEBUG] asyncio - Using proactor: IocpProactor
2026-04-06 10:35:15 [WARNING] __main__ - 检测到旧 bot 进程 (PID 325572)，正在终止...
2026-04-06 10:35:16 [INFO] backtest_bot.bot - Bot 正在启动...
2026-04-06 10:35:16 [INFO] backtest_bot.bot - Bot 已启动，开始轮询消息
2026-04-06 10:35:16 [DEBUG] backtest_bot.notifier - 准备发送: 🤖 回测 Bot 已启动  快速开始: • /analyze → 单因子扫参引导 • /run → 用当前配置快速回测 ...
2026-04-06 10:35:18 [INFO] backtest_bot.notifier - 发送成功 (136 chars): 🤖 回测 Bot 已启动  快速开始: • /analyze → 单因子扫参引导 • /run → 用当前配置快速回测 ...
2026-04-06 10:35:22 [INFO] backtest_bot.notifier - 收到消息: /run
2026-04-06 10:35:22 [INFO] backtest_bot.notifier - 匹配命令: /run
2026-04-06 10:35:22 [DEBUG] backtest_bot.notifier - pending_reply 设置为: functools.partial(<function handle_run_reply at 0x000002605DCD74C0>, <backtest_bot.bot.BacktestTelegramBot object at 0x000002605DC62340>)
2026-04-06 10:35:22 [INFO] backtest_bot.notifier - 命令返回 660 字符
2026-04-06 10:35:22 [DEBUG] backtest_bot.notifier - 准备发送: 🔧 回测配置确认  🧱 策略: strategies/grid_er_hurst_1200.yaml 📁 数据: 最新 ...
2026-04-06 10:35:23 [INFO] backtest_bot.notifier - 发送成功 (660 chars): 🔧 回测配置确认  🧱 策略: strategies/grid_er_hurst_1200.yaml 📁 数据: 最新 ...
2026-04-06 10:35:33 [INFO] backtest_bot.notifier - 收到消息: /sync
2026-04-06 10:35:33 [INFO] backtest_bot.notifier - 匹配命令: /sync
2026-04-06 10:35:33 [ERROR] backtest_bot.notifier - 命令处理异常 /sync: 'BacktestRunner' object has no attribute 'start_sync_job'
Traceback (most recent call last):
  File "C:\Users\ZHAOKAI\Poly_backtest_Final\backtest_bot\notifier.py", line 317, in _poll_updates
    reply = await handler(normalized_text)
  File "C:\Users\ZHAOKAI\Poly_backtest_Final\backtest_bot\handlers\sync.py", line 18, in handle_sync
    job = await bot.runner.start_sync_job(on_update=bot.push_update)
AttributeError: 'BacktestRunner' object has no attribute 'start_sync_job'
2026-04-06 10:35:33 [DEBUG] backtest_bot.notifier - 准备发送: 命令处理出错: 'BacktestRunner' object has no attribute 'start_sync...
2026-04-06 10:35:34 [INFO] backtest_bot.notifier - 发送成功 (65 chars): 命令处理出错: 'BacktestRunner' object has no attribute 'start_sync...
2026-04-06 10:35:38 [INFO] backtest_bot.notifier - 收到消息: 取消
2026-04-06 10:35:38 [INFO] backtest_bot.notifier - 未匹配任何处理器: 取消
2026-04-06 10:35:38 [DEBUG] backtest_bot.notifier - 准备发送: 未识别命令。发送 /help 查看可用操作。...
2026-04-06 10:35:38 [INFO] backtest_bot.notifier - 发送成功 (22 chars): 未识别命令。发送 /help 查看可用操作。...
2026-04-06 10:35:40 [INFO] backtest_bot.notifier - 收到消息: /help
2026-04-06 10:35:40 [INFO] backtest_bot.notifier - 匹配命令: /help
2026-04-06 10:35:40 [INFO] backtest_bot.notifier - 命令返回 435 字符
2026-04-06 10:35:40 [DEBUG] backtest_bot.notifier - 准备发送: 可用命令: /start - 打开菜单 /config - 查看当前草稿配置 /strategy - 查看并切换基础策略...
2026-04-06 10:35:41 [INFO] backtest_bot.notifier - 发送成功 (435 chars): 可用命令: /start - 打开菜单 /config - 查看当前草稿配置 /strategy - 查看并切换基础策略...
2026-04-06 10:35:44 [INFO] backtest_bot.notifier - 收到消息: /sync
2026-04-06 10:35:44 [INFO] backtest_bot.notifier - 匹配命令: /sync
2026-04-06 10:35:44 [ERROR] backtest_bot.notifier - 命令处理异常 /sync: 'BacktestRunner' object has no attribute 'start_sync_job'
Traceback (most recent call last):
  File "C:\Users\ZHAOKAI\Poly_backtest_Final\backtest_bot\notifier.py", line 317, in _poll_updates
    reply = await handler(normalized_text)
  File "C:\Users\ZHAOKAI\Poly_backtest_Final\backtest_bot\handlers\sync.py", line 18, in handle_sync
    job = await bot.runner.start_sync_job(on_update=bot.push_update)
AttributeError: 'BacktestRunner' object has no attribute 'start_sync_job'
2026-04-06 10:35:44 [DEBUG] backtest_bot.notifier - 准备发送: 命令处理出错: 'BacktestRunner' object has no attribute 'start_sync...
2026-04-06 10:35:45 [INFO] backtest_bot.notifier - 发送成功 (65 chars): 命令处理出错: 'BacktestRunner' object has no attribute 'start_sync...
2026-04-06 10:38:58 [DEBUG] asyncio - Using proactor: IocpProactor
2026-04-06 10:38:58 [WARNING] __main__ - 检测到旧 bot 进程 (PID 283628)，正在终止...
2026-04-06 10:38:59 [INFO] backtest_bot.bot - Bot 正在启动...
2026-04-06 10:38:59 [INFO] backtest_bot.bot - Bot 已启动，开始轮询消息
2026-04-06 10:38:59 [DEBUG] backtest_bot.notifier - 准备发送: 🤖 回测 Bot 已启动  快速开始: • /analyze → 单因子扫参引导 • /run → 用当前配置快速回测 ...
2026-04-06 10:39:00 [INFO] backtest_bot.notifier - 发送成功 (136 chars): 🤖 回测 Bot 已启动  快速开始: • /analyze → 单因子扫参引导 • /run → 用当前配置快速回测 ...
2026-04-06 10:39:05 [INFO] backtest_bot.notifier - 收到消息: /run
2026-04-06 10:39:05 [INFO] backtest_bot.notifier - 匹配命令: /run
2026-04-06 10:39:05 [DEBUG] backtest_bot.notifier - pending_reply 设置为: functools.partial(<function handle_run_reply at 0x0000026D56AE9430>, <backtest_bot.bot.BacktestTelegramBot object at 0x0000026D561F7A30>)
2026-04-06 10:39:05 [INFO] backtest_bot.notifier - 命令返回 660 字符
2026-04-06 10:39:05 [DEBUG] backtest_bot.notifier - 准备发送: 🔧 回测配置确认  🧱 策略: strategies/grid_er_hurst_1200.yaml 📁 数据: 最新 ...
2026-04-06 10:39:06 [INFO] backtest_bot.notifier - 发送成功 (660 chars): 🔧 回测配置确认  🧱 策略: strategies/grid_er_hurst_1200.yaml 📁 数据: 最新 ...
2026-04-06 10:39:21 [INFO] backtest_bot.notifier - 收到消息: 跑
2026-04-06 10:39:21 [INFO] backtest_bot.notifier - 交由 pending_reply 处理: functools.partial(<function handle_run_reply at 0x0000026D56AE9430>, <backtest_bot.bot.BacktestTelegramBot object at 0x0000026D561F7A30>)
2026-04-06 10:39:21 [DEBUG] backtest_bot.notifier - pending_reply 清除 (was functools.partial(<function handle_run_reply at 0x0000026D56AE9430>, <backtest_bot.bot.BacktestTelegramBot object at 0x0000026D561F7A30>))
2026-04-06 10:39:21 [INFO] backtest_bot.runner - 启动 R 命令: Rscript C:\Users\ZHAOKAI\Poly_backtest_Final\scripts\run_backtest.R --config C:\Users\ZHAOKAI\Poly_backtest_Final\results\telegram_jobs\20260406_103921\strategy.yaml --data-dir C:\Users\ZHAOKAI\data --results C:\Users\ZHAOKAI\Poly_backtest_Final\results\telegram_jobs\20260406_103921\backtest_results.csv --reports-dir C:\Users\ZHAOKAI\Poly_backtest_Final\results\telegram_jobs\20260406_103921\reports --cores 1 --max 1200 --latest
2026-04-06 10:39:21 [INFO] backtest_bot.notifier - pending_reply 返回 115 字符
2026-04-06 10:39:21 [DEBUG] backtest_bot.notifier - 准备发送: 🚀 已启动回测: 20260406_103921 📁 样本: 最新 1200 个 🧱 策略: strategies/gr...
2026-04-06 10:39:22 [INFO] backtest_bot.notifier - 发送成功 (115 chars): 🚀 已启动回测: 20260406_103921 📁 样本: 最新 1200 个 🧱 策略: strategies/gr...
2026-04-06 10:39:22 [DEBUG] backtest_bot.bot - push_update: 预加载开始: 1200 个轮次 (缓存: FST)
2026-04-06 10:39:22 [DEBUG] backtest_bot.notifier - 准备发送: 预加载开始: 1200 个轮次 (缓存: FST)...
2026-04-06 10:39:23 [INFO] backtest_bot.notifier - 发送成功 (25 chars): 预加载开始: 1200 个轮次 (缓存: FST)...
2026-04-06 10:39:35 [DEBUG] backtest_bot.bot - push_update: ⏳ 组合回测中... 已运行 0分14秒 | 进度: 100 / 1200 (8%)
2026-04-06 10:39:35 [DEBUG] backtest_bot.notifier - 准备发送: ⏳ 组合回测中... 已运行 0分14秒 | 进度: 100 / 1200 (8%)...
2026-04-06 10:39:35 [INFO] backtest_bot.notifier - 发送成功 (42 chars): ⏳ 组合回测中... 已运行 0分14秒 | 进度: 100 / 1200 (8%)...
2026-04-06 10:40:25 [DEBUG] backtest_bot.bot - push_update: ⏳ 组合回测中... 已运行 1分4秒 | 进度: 500 / 1200 (42%)
2026-04-06 10:40:25 [DEBUG] backtest_bot.notifier - 准备发送: ⏳ 组合回测中... 已运行 1分4秒 | 进度: 500 / 1200 (42%)...
2026-04-06 10:40:26 [INFO] backtest_bot.notifier - 发送成功 (42 chars): ⏳ 组合回测中... 已运行 1分4秒 | 进度: 500 / 1200 (42%)...
2026-04-06 10:41:12 [DEBUG] backtest_bot.bot - push_update: ⏳ 组合回测中... 已运行 1分50秒 | 进度: 900 / 1200 (75%)
2026-04-06 10:41:12 [DEBUG] backtest_bot.notifier - 准备发送: ⏳ 组合回测中... 已运行 1分50秒 | 进度: 900 / 1200 (75%)...
2026-04-06 10:41:13 [INFO] backtest_bot.notifier - 发送成功 (43 chars): ⏳ 组合回测中... 已运行 1分50秒 | 进度: 900 / 1200 (75%)...
2026-04-06 10:41:48 [DEBUG] backtest_bot.bot - push_update: 回测开始: 1200 个轮次
2026-04-06 10:41:48 [DEBUG] backtest_bot.notifier - 准备发送: 回测开始: 1200 个轮次...
2026-04-06 10:41:49 [INFO] backtest_bot.notifier - 发送成功 (14 chars): 回测开始: 1200 个轮次...
2026-04-06 10:42:48 [DEBUG] backtest_bot.bot - push_update: ⏳ 组合回测中... 已运行 3分26秒 | 进度: 100 / 1200 (8%)
2026-04-06 10:42:48 [DEBUG] backtest_bot.notifier - 准备发送: ⏳ 组合回测中... 已运行 3分26秒 | 进度: 100 / 1200 (8%)...
2026-04-06 10:42:49 [INFO] backtest_bot.notifier - 发送成功 (42 chars): ⏳ 组合回测中... 已运行 3分26秒 | 进度: 100 / 1200 (8%)...
2026-04-06 10:43:49 [DEBUG] backtest_bot.bot - push_update: ⏳ 组合回测中... 已运行 4分28秒 | 进度: 200 / 1200 (17%)
2026-04-06 10:43:49 [DEBUG] backtest_bot.notifier - 准备发送: ⏳ 组合回测中... 已运行 4分28秒 | 进度: 200 / 1200 (17%)...
2026-04-06 10:43:51 [INFO] backtest_bot.notifier - 发送成功 (43 chars): ⏳ 组合回测中... 已运行 4分28秒 | 进度: 200 / 1200 (17%)...
2026-04-06 10:44:53 [DEBUG] backtest_bot.bot - push_update: ⏳ 组合回测中... 已运行 5分31秒 | 进度: 300 / 1200 (25%)
2026-04-06 10:44:53 [DEBUG] backtest_bot.notifier - 准备发送: ⏳ 组合回测中... 已运行 5分31秒 | 进度: 300 / 1200 (25%)...
2026-04-06 10:44:53 [INFO] backtest_bot.notifier - 发送成功 (43 chars): ⏳ 组合回测中... 已运行 5分31秒 | 进度: 300 / 1200 (25%)...
2026-04-06 10:46:01 [DEBUG] backtest_bot.bot - push_update: ⏳ 组合回测中... 已运行 6分39秒 | 进度: 400 / 1200 (33%)
2026-04-06 10:46:01 [DEBUG] backtest_bot.notifier - 准备发送: ⏳ 组合回测中... 已运行 6分39秒 | 进度: 400 / 1200 (33%)...
2026-04-06 10:46:02 [INFO] backtest_bot.notifier - 发送成功 (43 chars): ⏳ 组合回测中... 已运行 6分39秒 | 进度: 400 / 1200 (33%)...
2026-04-06 10:47:11 [DEBUG] backtest_bot.bot - push_update: ⏳ 组合回测中... 已运行 7分50秒 | 进度: 500 / 1200 (42%)
2026-04-06 10:47:11 [DEBUG] backtest_bot.notifier - 准备发送: ⏳ 组合回测中... 已运行 7分50秒 | 进度: 500 / 1200 (42%)...
2026-04-06 10:47:12 [INFO] backtest_bot.notifier - 发送成功 (43 chars): ⏳ 组合回测中... 已运行 7分50秒 | 进度: 500 / 1200 (42%)...
2026-04-06 10:48:11 [DEBUG] backtest_bot.bot - push_update: ⏳ 组合回测中... 已运行 8分50秒 | 进度: 600 / 1200 (50%)
2026-04-06 10:48:11 [DEBUG] backtest_bot.notifier - 准备发送: ⏳ 组合回测中... 已运行 8分50秒 | 进度: 600 / 1200 (50%)...
2026-04-06 10:48:12 [INFO] backtest_bot.notifier - 发送成功 (43 chars): ⏳ 组合回测中... 已运行 8分50秒 | 进度: 600 / 1200 (50%)...
2026-04-06 10:48:58 [DEBUG] backtest_bot.bot - push_update: ⏳ 组合回测中... 已运行 9分37秒 | 进度: 700 / 1200 (58%)
2026-04-06 10:48:58 [DEBUG] backtest_bot.notifier - 准备发送: ⏳ 组合回测中... 已运行 9分37秒 | 进度: 700 / 1200 (58%)...
2026-04-06 10:48:59 [INFO] backtest_bot.notifier - 发送成功 (43 chars): ⏳ 组合回测中... 已运行 9分37秒 | 进度: 700 / 1200 (58%)...
2026-04-06 10:49:53 [DEBUG] backtest_bot.bot - push_update: ⏳ 组合回测中... 已运行 10分32秒 | 进度: 800 / 1200 (67%)
2026-04-06 10:49:53 [DEBUG] backtest_bot.notifier - 准备发送: ⏳ 组合回测中... 已运行 10分32秒 | 进度: 800 / 1200 (67%)...
2026-04-06 10:49:54 [INFO] backtest_bot.notifier - 发送成功 (44 chars): ⏳ 组合回测中... 已运行 10分32秒 | 进度: 800 / 1200 (67%)...
2026-04-06 10:50:38 [DEBUG] backtest_bot.bot - push_update: ⏳ 组合回测中... 已运行 11分17秒 | 进度: 900 / 1200 (75%)
2026-04-06 10:50:38 [DEBUG] backtest_bot.notifier - 准备发送: ⏳ 组合回测中... 已运行 11分17秒 | 进度: 900 / 1200 (75%)...
2026-04-06 10:50:40 [INFO] backtest_bot.notifier - 发送成功 (44 chars): ⏳ 组合回测中... 已运行 11分17秒 | 进度: 900 / 1200 (75%)...
2026-04-06 10:51:34 [DEBUG] backtest_bot.bot - push_update: ⏳ 组合回测中... 已运行 12分12秒 | 进度: 1000 / 1200 (83%)
2026-04-06 10:51:34 [DEBUG] backtest_bot.notifier - 准备发送: ⏳ 组合回测中... 已运行 12分12秒 | 进度: 1000 / 1200 (83%)...
2026-04-06 10:51:34 [INFO] backtest_bot.notifier - 发送成功 (45 chars): ⏳ 组合回测中... 已运行 12分12秒 | 进度: 1000 / 1200 (83%)...
2026-04-06 10:52:39 [DEBUG] backtest_bot.bot - push_update: ⏳ 组合回测中... 已运行 13分17秒 | 进度: 1100 / 1200 (92%)
2026-04-06 10:52:39 [DEBUG] backtest_bot.notifier - 准备发送: ⏳ 组合回测中... 已运行 13分17秒 | 进度: 1100 / 1200 (92%)...
2026-04-06 10:52:39 [INFO] backtest_bot.notifier - 发送成功 (45 chars): ⏳ 组合回测中... 已运行 13分17秒 | 进度: 1100 / 1200 (92%)...
2026-04-06 10:53:43 [DEBUG] backtest_bot.bot - push_update: ⏳ 组合回测中... 已运行 14分21秒 | 进度: 1200 / 1200 (100%)
2026-04-06 10:53:43 [DEBUG] backtest_bot.notifier - 准备发送: ⏳ 组合回测中... 已运行 14分21秒 | 进度: 1200 / 1200 (100%)...
2026-04-06 10:53:44 [INFO] backtest_bot.notifier - 发送成功 (46 chars): ⏳ 组合回测中... 已运行 14分21秒 | 进度: 1200 / 1200 (100%)...
2026-04-06 10:53:49 [DEBUG] backtest_bot.bot - push_update: 回测完成: 0 笔交易, 总 PnL = 0.0000
2026-04-06 10:53:49 [DEBUG] backtest_bot.notifier - 准备发送: 回测完成: 0 笔交易, 总 PnL = 0.0000...
2026-04-06 10:53:49 [INFO] backtest_bot.notifier - 发送成功 (27 chars): 回测完成: 0 笔交易, 总 PnL = 0.0000...
2026-04-06 10:53:49 [DEBUG] backtest_bot.bot - push_update: 结果已保存到 C:\Users\ZHAOKAI\Poly_backtest_Final\results\telegram_jobs\20260406_10392
2026-04-06 10:53:49 [DEBUG] backtest_bot.notifier - 准备发送: 结果已保存到 C:\Users\ZHAOKAI\Poly_backtest_Final\results\telegram...
2026-04-06 10:53:50 [INFO] backtest_bot.leaderboard - Leaderboard: 记录已写入 (PnL=0.0000, source=run), 总计 35 条
2026-04-06 10:53:50 [DEBUG] backtest_bot.bot - push_update: 回测完成: 20260406_103921
轮次总数: 1200
交易笔数: 0
总PnL: 0.0000
胜率: 0.0%
退出分布: 无
跳过分布: no_
2026-04-06 10:53:50 [INFO] backtest_bot.notifier - 发送成功 (102 chars): 结果已保存到 C:\Users\ZHAOKAI\Poly_backtest_Final\results\telegram...
2026-04-06 10:53:50 [DEBUG] backtest_bot.notifier - 准备发送: 回测完成: 20260406_103921 轮次总数: 1200 交易笔数: 0 总PnL: 0.0000 胜率: 0....
2026-04-06 10:53:51 [INFO] backtest_bot.notifier - 发送成功 (312 chars): 回测完成: 20260406_103921 轮次总数: 1200 交易笔数: 0 总PnL: 0.0000 胜率: 0....
